<?xml version="1.0" encoding="UTF-8"?>
<testsuite name="com.stayprime.oncourseads.AdInformationTest" tests="1" skipped="0" failures="0" errors="0" timestamp="2019-09-25T04:48:28" hostname="stayprime-Aspire-V5-573G" time="0.003">
  <properties/>
  <testcase name="testIsActiveForHole" classname="com.stayprime.oncourseads.AdInformationTest" time="0.003"/>
  <system-out><![CDATA[isActiveForHole
]]></system-out>
  <system-err><![CDATA[]]></system-err>
</testsuite>
