<?xml version="1.0" encoding="UTF-8"?>
<testsuite name="com.stayprime.comm.io.PacketHeadSequenceTest" tests="6" skipped="0" failures="0" errors="0" timestamp="2019-09-25T04:48:28" hostname="stayprime-Aspire-V5-573G" time="0.005">
  <properties/>
  <testcase name="testIsSequenceChar" classname="com.stayprime.comm.io.PacketHeadSequenceTest" time="0.001"/>
  <testcase name="testIsSequence" classname="com.stayprime.comm.io.PacketHeadSequenceTest" time="0.001"/>
  <testcase name="testGetIp" classname="com.stayprime.comm.io.PacketHeadSequenceTest" time="0.001"/>
  <testcase name="testGetBytes" classname="com.stayprime.comm.io.PacketHeadSequenceTest" time="0.0"/>
  <testcase name="testGetPort" classname="com.stayprime.comm.io.PacketHeadSequenceTest" time="0.001"/>
  <testcase name="testGetSequence" classname="com.stayprime.comm.io.PacketHeadSequenceTest" time="0.0"/>
  <system-out><![CDATA[isSequenceChar
isSequence
getIp
getBytes
getPort
getSequence
]]></system-out>
  <system-err><![CDATA[]]></system-err>
</testsuite>
