<?xml version="1.0" encoding="UTF-8"?>
<testsuite name="com.stayprime.util.EmailUtilTest" tests="1" skipped="0" failures="0" errors="0" timestamp="2019-09-25T04:48:28" hostname="stayprime-Aspire-V5-573G" time="0.023">
  <properties/>
  <testcase name="testGetEmailAddresses" classname="com.stayprime.util.EmailUtilTest" time="0.023"/>
  <system-out><![CDATA[getInetAddresses
]]></system-out>
  <system-err><![CDATA[SLF4J: Failed to load class "org.slf4j.impl.StaticLoggerBinder".
SLF4J: Defaulting to no-operation (NOP) logger implementation
SLF4J: See http://www.slf4j.org/codes.html#StaticLoggerBinder for further details.
]]></system-err>
</testsuite>
