<?xml version="1.0" encoding="UTF-8"?>
<testsuite name="com.stayprime.comm.encoder.GolfObjectEncoderTest" tests="4" skipped="0" failures="0" errors="0" timestamp="2019-09-25T04:48:28" hostname="stayprime-Aspire-V5-573G" time="0.009">
  <properties/>
  <testcase name="testEncodeScoreCard" classname="com.stayprime.comm.encoder.GolfObjectEncoderTest" time="0.001"/>
  <testcase name="testEncodeFBOrder" classname="com.stayprime.comm.encoder.GolfObjectEncoderTest" time="0.001"/>
  <testcase name="testBuildOrderString" classname="com.stayprime.comm.encoder.GolfObjectEncoderTest" time="0.007"/>
  <testcase name="testParseOrderString" classname="com.stayprime.comm.encoder.GolfObjectEncoderTest" time="0.0"/>
  <system-out><![CDATA[encodeScoreCard
encodeFBOrder
buildOrderString
1;Code1;1.0,2;Code2;10.0,3;Code3;100.0,
parseOrderString
]]></system-out>
  <system-err><![CDATA[]]></system-err>
</testsuite>
