<?xml version="1.0" encoding="UTF-8"?>
<testsuite name="com.stayprime.comm.encoder.GolfCartListEncoderTest" tests="2" skipped="0" failures="0" errors="0" timestamp="2019-09-25T04:48:28" hostname="stayprime-Aspire-V5-573G" time="0.007">
  <properties/>
  <testcase name="testEncodeCartAheadList" classname="com.stayprime.comm.encoder.GolfCartListEncoderTest" time="0.003"/>
  <testcase name="testEncodeCartList" classname="com.stayprime.comm.encoder.GolfCartListEncoderTest" time="0.004"/>
  <system-out><![CDATA[encodeCartAheadList
encodeCartAheadList
]]></system-out>
  <system-err><![CDATA[]]></system-err>
</testsuite>
