<?xml version="1.0" encoding="UTF-8"?>
<testsuite name="com.stayprime.tournament.golfgenius.GgCartTest" tests="1" skipped="0" failures="0" errors="0" timestamp="2019-09-25T04:48:28" hostname="stayprime-Aspire-V5-573G" time="0.006">
  <properties/>
  <testcase name="testSetPlayers" classname="com.stayprime.tournament.golfgenius.GgCartTest" time="0.006"/>
  <system-out><![CDATA[setPlayers
]]></system-out>
  <system-err><![CDATA[]]></system-err>
</testsuite>
