<?xml version="1.0" encoding="UTF-8"?>
<testsuite name="com.aeben.golfcourse.menu.MenuTest" tests="2" skipped="0" failures="0" errors="0" timestamp="2019-09-25T04:48:28" hostname="stayprime-Aspire-V5-573G" time="0.021">
  <properties/>
  <testcase name="testLoadMenu" classname="com.aeben.golfcourse.menu.MenuTest" time="0.0"/>
  <testcase name="testIsEnabledForHole" classname="com.aeben.golfcourse.menu.MenuTest" time="0.02"/>
  <system-out><![CDATA[isEnabledForHole
Hole 1 true false
Hole 2 true false
Hole 3 true false
Hole 4 true false
Hole 5 false false
Hole 6 false false
Hole 7 false false
Hole 8 false false
Hole 9 false false
Hole 10 false false
Hole 11 false false
Hole 12 false false
Hole 13 false false
Hole 14 false false
Hole 15 false false
Hole 16 false false
Hole 17 false false
Hole 18 false false
Hole 19 false false
Hole 20 false false
Hole 21 false false
Hole 22 false false
Hole 23 false false
Hole 24 false false
Hole 25 false false
Hole 26 false false
Hole 27 false false
Hole 28 false false
Hole 29 false false
Hole 30 false false
Hole 31 false false
Hole 32 false false
Hole 33 false false
Hole 34 false false
Hole 35 false false
Hole 36 false false
Hole 37 false false
Hole 38 false false
Hole 39 false false
Hole 40 false false
Hole 41 false false
Hole 42 false false
Hole 43 false false
Hole 44 false false
Hole 45 false false
Hole 46 false false
Hole 47 false false
Hole 48 false true
Hole 49 false true
Hole 50 false true
Hole 51 false true
Hole 52 false true
Hole 53 false false
Hole 54 false false
]]></system-out>
  <system-err><![CDATA[]]></system-err>
</testsuite>
