<?xml version="1.0" encoding="UTF-8"?>
<testsuite name="com.stayprime.device.gps.GPGSVSentenceTest" tests="2" skipped="0" failures="0" errors="0" timestamp="2019-09-25T04:48:28" hostname="stayprime-Aspire-V5-573G" time="0.002">
  <properties/>
  <testcase name="testReset" classname="com.stayprime.device.gps.GPGSVSentenceTest" time="0.001"/>
  <testcase name="testParseSentence" classname="com.stayprime.device.gps.GPGSVSentenceTest" time="0.0"/>
  <system-out><![CDATA[reset
parseSentence
]]></system-out>
  <system-err><![CDATA[]]></system-err>
</testsuite>
