<?xml version="1.0" encoding="UTF-8"?>
<testsuite name="com.stayprime.storage.util.JsonStorageTest" tests="1" skipped="0" failures="0" errors="0" timestamp="2019-09-25T04:48:30" hostname="stayprime-Aspire-V5-573G" time="0.039">
  <properties/>
  <testcase name="testAddToList" classname="com.stayprime.storage.util.JsonStorageTest" time="0.039"/>
  <system-out><![CDATA[addToList
]]></system-out>
  <system-err><![CDATA[]]></system-err>
</testsuite>
